#
# A fatal error has been detected by the Java Runtime Environment:
#
#  EXCEPTION_ACCESS_VIOLATION (0xc0000005) at pc=0x00007ffa3eadd153, pid=13732, tid=0x0000000000004694
#
# JRE version: OpenJDK Runtime Environment (Zulu 8.44.0.13-CA-win64) (8.0_242-b20) (build 1.8.0_242-b20)
# Java VM: OpenJDK 64-Bit Server VM (25.242-b20 mixed mode windows-amd64 compressed oops)
# Problematic frame:
# C  [hdf5.dll+0x8d153]
#
# Failed to write core dump. Minidumps are not enabled by default on client versions of Windows
#
# If you would like to submit a bug report, please visit:
#   http://www.azulsystems.com/support/
#

---------------  T H R E A D  ---------------

Current thread (0x000000002c437800):  VMThread [stack: 0x000000002e120000,0x000000002e220000] [id=18068]

siginfo: ExceptionCode=0xc0000005, reading address 0x0000000000000550

Registers:
RAX=0x0000000000000000, RBX=0x000000002fb83290, RCX=0x000000002fb83290, RDX=0x000000002fb97e10
RSP=0x000000002e21eae0, RBP=0x000000002e21ed60, RSI=0x000000002fb97e10, RDI=0x000000002e21ec10
R8 =0x000000002e21ec10, R9 =0x00007ffb40590000, R10=0x00007ffa3ec7f6f0, R11=0x000000002e21eca4
R12=0x00007ffa3ec7f6b0, R13=0x0000000000000000, R14=0x0000000000000000, R15=0x000000002fb92b80
RIP=0x00007ffa3eadd153, EFLAGS=0x0000000000010202

Top of Stack: (sp=0x000000002e21eae0)
0x000000002e21eae0:   0000000000000000 00007ffa3eb4684d
0x000000002e21eaf0:   000000002fb83290 00007ffa3ebf234b
0x000000002e21eb00:   0b00000000000000 0c00000000000012
0x000000002e21eb10:   0c0000000000006a 00007ffa3ec9cc70
0x000000002e21eb20:   0000000000000000 00007ffa3eb46819
0x000000002e21eb30:   00000000020e1658 00007ffa00000001
0x000000002e21eb40:   0000000000000000 00007ffa3ebdcf19
0x000000002e21eb50:   000000002e21ec10 00007ffa3ebe3cc4
0x000000002e21eb60:   000000002fb92180 00007ffa3eb467c0
0x000000002e21eb70:   00000000020e1658 00007ffa3ec7f6b0
0x000000002e21eb80:   000000002e21ec97 00007ffa3eb46df2
0x000000002e21eb90:   000000000000000d 0000000000000000
0x000000002e21eba0:   0000000000000002 0000000000000000
0x000000002e21ebb0:   00000000020e1658 00007ffa3ec7f6b0
0x000000002e21ebc0:   000000002e21eca3 00007ffa3eb46df2
0x000000002e21ebd0:   0000000000000000 000000002e21ed60 

Instructions: (pc=0x00007ffa3eadd153)
0x00007ffa3eadd133:   83 ec 40 80 3d ce e3 22 00 00 48 8b d9 75 0d 80
0x00007ffa3eadd143:   3d 78 cb 22 00 00 0f 85 fd 00 00 00 48 8b 41 18
0x00007ffa3eadd153:   83 b8 50 05 00 00 02 0f 85 ac 00 00 00 4c 8d 44
0x00007ffa3eadd163:   24 60 c7 44 24 58 00 00 00 00 48 8d 54 24 58 c7 


Register to memory mapping:

RAX=0x0000000000000000 is an unknown value
RBX=0x000000002fb83290 is an unknown value
RCX=0x000000002fb83290 is an unknown value
RDX=0x000000002fb97e10 is an unknown value
RSP=0x000000002e21eae0 is an unknown value
RBP=0x000000002e21ed60 is an unknown value
RSI=0x000000002fb97e10 is an unknown value
RDI=0x000000002e21ec10 is an unknown value
R8 =0x000000002e21ec10 is an unknown value
R9 =0x00007ffb40590000 is an unknown value
R10=0x00007ffa3ec7f6f0 is an unknown value
R11=0x000000002e21eca4 is an unknown value
R12=0x00007ffa3ec7f6b0 is an unknown value
R13=0x0000000000000000 is an unknown value
R14=0x0000000000000000 is an unknown value
R15=0x000000002fb92b80 is an unknown value


Stack: [0x000000002e120000,0x000000002e220000],  sp=0x000000002e21eae0,  free space=1018k
Native frames: (J=compiled Java code, j=interpreted, Vv=VM code, C=native code)
C  [hdf5.dll+0x8d153]
C  [hdf5.dll+0xf6819]
C  [hdf5.dll+0x193cc4]
C  [hdf5.dll+0xf6df2]
C  [hdf5.dll+0x8502a]
C  [hdf5.dll+0x1a20]
C  [ucrtbase.dll+0x142d6]
C  [ucrtbase.dll+0x141fb]
C  [ucrtbase.dll+0x141b4]
C  [hdf5.dll+0x22cbd6]
C  [hdf5.dll+0x22ccd4]
C  [ntdll.dll+0x19a1d]
C  [ntdll.dll+0x5dcda]
C  [ntdll.dll+0x5da8d]
C  [f_pdlpjq.dll+0x1e3bb]
C  [MSVCR100.dll+0x20ccd]
V  [jvm.dll+0x1f7415]
V  [jvm.dll+0x233317]
V  [jvm.dll+0x2325f4]
V  [jvm.dll+0x232a31]
V  [jvm.dll+0x232c60]
V  [jvm.dll+0x285f8a]
C  [MSVCR100.dll+0x21d9f]
C  [MSVCR100.dll+0x21e3b]
C  [f_pdlpjq.dll+0x17344]
C  [Protector64.dll+0x10b7a]
C  [ntdll.dll+0x526b1]

VM_Operation (0x00000000021ed1d0): Exit, mode: safepoint, requested by thread 0x00000000020ee000


---------------  P R O C E S S  ---------------

Java Threads: ( => current thread )
  0x0000000033412000 JavaThread "SunTileScheduler0Standard7" daemon [_thread_blocked, id=7772, stack(0x0000000047730000,0x0000000047830000)]
  0x0000000033411000 JavaThread "SunTileScheduler0Standard6" daemon [_thread_blocked, id=10508, stack(0x0000000047630000,0x0000000047730000)]
  0x0000000033410800 JavaThread "SunTileScheduler0Standard5" daemon [_thread_blocked, id=3636, stack(0x0000000047530000,0x0000000047630000)]
  0x0000000033413800 JavaThread "SunTileScheduler0Standard4" daemon [_thread_blocked, id=10992, stack(0x0000000047430000,0x0000000047530000)]
  0x000000002f80b800 JavaThread "SunTileScheduler0Standard3" daemon [_thread_blocked, id=12324, stack(0x0000000047330000,0x0000000047430000)]
  0x0000000031773000 JavaThread "SunTileScheduler0Standard2" daemon [_thread_blocked, id=22868, stack(0x0000000047230000,0x0000000047330000)]
  0x000000002f408000 JavaThread "SunTileScheduler0Standard1" daemon [_thread_blocked, id=18272, stack(0x0000000047130000,0x0000000047230000)]
  0x000000002fa2b800 JavaThread "SunTileScheduler0Standard0" daemon [_thread_blocked, id=5752, stack(0x0000000039400000,0x0000000039500000)]
  0x0000000033233800 JavaThread "GT authority factory disposer" daemon [_thread_blocked, id=23424, stack(0x0000000036d30000,0x0000000036e30000)]
  0x0000000032da0800 JavaThread "WeakCollectionCleaner" daemon [_thread_blocked, id=11092, stack(0x0000000036950000,0x0000000036a50000)]
  0x000000003461e000 JavaThread "Java2D Disposer" daemon [_thread_blocked, id=13196, stack(0x0000000035140000,0x0000000035240000)]
  0x000000003131e800 JavaThread "pool-1-thread-1" [_thread_blocked, id=4948, stack(0x0000000032540000,0x0000000032640000)]
  0x000000002e2e5000 JavaThread "Service Thread" daemon [_thread_blocked, id=15392, stack(0x000000002efd0000,0x000000002f0d0000)]
  0x000000002e268000 JavaThread "C1 CompilerThread3" daemon [_thread_blocked, id=10480, stack(0x000000002eed0000,0x000000002efd0000)]
  0x000000002e261000 JavaThread "C2 CompilerThread2" daemon [_thread_blocked, id=24320, stack(0x000000002edd0000,0x000000002eed0000)]
  0x000000002c44e000 JavaThread "C2 CompilerThread1" daemon [_thread_blocked, id=24420, stack(0x000000002ecd0000,0x000000002edd0000)]
  0x000000002c44c000 JavaThread "C2 CompilerThread0" daemon [_thread_blocked, id=23856, stack(0x000000002ebd0000,0x000000002ecd0000)]
  0x000000002e25b000 JavaThread "Attach Listener" daemon [_thread_blocked, id=7480, stack(0x000000002ead0000,0x000000002ebd0000)]
  0x000000002e240800 JavaThread "Finalizer" daemon [_thread_blocked, id=21736, stack(0x000000002e720000,0x000000002e820000)]
  0x000000002c43c000 JavaThread "Reference Handler" daemon [_thread_blocked, id=22140, stack(0x000000002e620000,0x000000002e720000)]
  0x00000000020ee000 JavaThread "main" [_thread_blocked, id=16952, stack(0x00000000020f0000,0x00000000021f0000)]

Other Threads:
=>0x000000002c437800 VMThread [stack: 0x000000002e120000,0x000000002e220000] [id=18068]

VM state:at safepoint (shutting down)

VM Mutex/Monitor currently owned by a thread:  ([mutex/lock_event])
[0x00000000021f0c50] Threads_lock - owner thread: 0x000000002c437800

heap address: 0x0000000500000000, size: 11264 MB, Compressed Oops mode: Zero based, Oop shift amount: 3
Narrow klass base: 0x0000000000000000, Narrow klass shift: 3
Compressed class space size: 1073741824 Address: 0x00000007c0000000

Heap:
 PSYoungGen      total 3489792K, used 2854657K [0x00000006d5580000, 0x00000007c0000000, 0x00000007c0000000)
  eden space 3192832K, 89% used [0x00000006d5580000,0x00000007839406e0,0x0000000798380000)
  from space 296960K, 0% used [0x0000000798380000,0x0000000798380000,0x00000007aa580000)
  to   space 303616K, 0% used [0x00000007ad780000,0x00000007ad780000,0x00000007c0000000)
 ParOldGen       total 1612288K, used 1077704K [0x0000000500000000, 0x0000000562680000, 0x00000006d5580000)
  object space 1612288K, 66% used [0x0000000500000000,0x0000000541c721d8,0x0000000562680000)
 Metaspace       used 44998K, capacity 45758K, committed 45952K, reserved 1089536K
  class space    used 4949K, capacity 5137K, committed 5248K, reserved 1048576K

Card table byte_map: [0x00000000116b0000,0x0000000012cc0000] byte_map_base: 0x000000000eeb0000

Marking Bits: (ParMarkBitMap*) 0x00000000520299e0
 Begin Bits: [0x0000000014370000, 0x000000001f370000)
 End Bits:   [0x000000001f370000, 0x000000002a370000)

Polling page: 0x00000000020a0000

CodeCache: size=245760Kb used=17805Kb max_used=18116Kb free=227954Kb
 bounds [0x00000000022f0000, 0x00000000034e0000, 0x00000000112f0000]
 total_blobs=5542 nmethods=4740 adapters=712
 compilation: enabled

Compilation events (10 events):
Event: 43.639 Thread 0x000000002e268000 6085       3       java.io.PushbackInputStream::ensureOpen (18 bytes)
Event: 43.640 Thread 0x000000002e268000 nmethod 6085 0x0000000002500cd0 code [0x0000000002500e40, 0x0000000002501088]
Event: 43.641 Thread 0x000000002e268000 6086       3       java.io.PushbackInputStream::read (145 bytes)
Event: 43.641 Thread 0x000000002e268000 nmethod 6086 0x0000000002447f10 code [0x0000000002448100, 0x0000000002448a08]
Event: 43.641 Thread 0x000000002e268000 6087       3       javax.imageio.stream.ImageInputStreamImpl::seek (34 bytes)
Event: 43.641 Thread 0x000000002e268000 nmethod 6087 0x00000000026ed990 code [0x00000000026edb20, 0x00000000026edf58]
Event: 43.641 Thread 0x000000002e268000 6088       3       java.util.zip.InflaterInputStream::fill (60 bytes)
Event: 43.642 Thread 0x000000002e268000 nmethod 6088 0x000000000289d110 code [0x000000000289d2c0, 0x000000000289d7b8]
Event: 43.658 Thread 0x000000002c44c000 6089   !   4       java.util.zip.Inflater::setInput (74 bytes)
Event: 43.660 Thread 0x000000002c44c000 nmethod 6089 0x0000000002763710 code [0x0000000002763860, 0x0000000002763b38]

GC Heap History (10 events):
Event: 41.123 GC heap before
{Heap before GC invocations=33 (full 7):
 PSYoungGen      total 2910720K, used 127400K [0x00000006d5580000, 0x000000079b080000, 0x00000007c0000000)
  eden space 2686976K, 0% used [0x00000006d5580000,0x00000006d5580000,0x0000000779580000)
  from space 223744K, 56% used [0x000000078d600000,0x000000079526a190,0x000000079b080000)
  to   space 275968K, 0% used [0x0000000779580000,0x0000000779580000,0x000000078a300000)
 ParOldGen       total 1266176K, used 1184983K [0x0000000500000000, 0x000000054d480000, 0x00000006d5580000)
  object space 1266176K, 93% used [0x0000000500000000,0x0000000548535e68,0x000000054d480000)
 Metaspace       used 44938K, capacity 45694K, committed 45952K, reserved 1089536K
  class space    used 4945K, capacity 5137K, committed 5248K, reserved 1048576K
Event: 41.190 GC heap after
Heap after GC invocations=33 (full 7):
 PSYoungGen      total 2910720K, used 0K [0x00000006d5580000, 0x000000079b080000, 0x00000007c0000000)
  eden space 2686976K, 0% used [0x00000006d5580000,0x00000006d5580000,0x0000000779580000)
  from space 223744K, 0% used [0x000000078d600000,0x000000078d600000,0x000000079b080000)
  to   space 275968K, 0% used [0x0000000779580000,0x0000000779580000,0x000000078a300000)
 ParOldGen       total 1671168K, used 1190885K [0x0000000500000000, 0x0000000566000000, 0x00000006d5580000)
  object space 1671168K, 71% used [0x0000000500000000,0x0000000548af94c8,0x0000000566000000)
 Metaspace       used 44938K, capacity 45694K, committed 45952K, reserved 1089536K
  class space    used 4945K, capacity 5137K, committed 5248K, reserved 1048576K
}
Event: 41.781 GC heap before
{Heap before GC invocations=34 (full 7):
 PSYoungGen      total 2910720K, used 2686976K [0x00000006d5580000, 0x000000079b080000, 0x00000007c0000000)
  eden space 2686976K, 100% used [0x00000006d5580000,0x0000000779580000,0x0000000779580000)
  from space 223744K, 0% used [0x000000078d600000,0x000000078d600000,0x000000079b080000)
  to   space 275968K, 0% used [0x0000000779580000,0x0000000779580000,0x000000078a300000)
 ParOldGen       total 1671168K, used 1190885K [0x0000000500000000, 0x0000000566000000, 0x00000006d5580000)
  object space 1671168K, 71% used [0x0000000500000000,0x0000000548af94c8,0x0000000566000000)
 Metaspace       used 44942K, capacity 45694K, committed 45952K, reserved 1089536K
  class space    used 4945K, capacity 5137K, committed 5248K, reserved 1048576K
Event: 41.804 GC heap after
Heap after GC invocations=34 (full 7):
 PSYoungGen      total 2962944K, used 223276K [0x00000006d5580000, 0x00000007bc980000, 0x00000007c0000000)
  eden space 2686976K, 0% used [0x00000006d5580000,0x00000006d5580000,0x0000000779580000)
  from space 275968K, 80% used [0x0000000779580000,0x0000000786f8b060,0x000000078a300000)
  to   space 299008K, 0% used [0x00000007aa580000,0x00000007aa580000,0x00000007bc980000)
 ParOldGen       total 1671168K, used 1190885K [0x0000000500000000, 0x0000000566000000, 0x00000006d5580000)
  object space 1671168K, 71% used [0x0000000500000000,0x0000000548af94c8,0x0000000566000000)
 Metaspace       used 44942K, capacity 45694K, committed 45952K, reserved 1089536K
  class space    used 4945K, capacity 5137K, committed 5248K, reserved 1048576K
}
Event: 42.323 GC heap before
{Heap before GC invocations=35 (full 7):
 PSYoungGen      total 2962944K, used 2910252K [0x00000006d5580000, 0x00000007bc980000, 0x00000007c0000000)
  eden space 2686976K, 100% used [0x00000006d5580000,0x0000000779580000,0x0000000779580000)
  from space 275968K, 80% used [0x0000000779580000,0x0000000786f8b060,0x000000078a300000)
  to   space 299008K, 0% used [0x00000007aa580000,0x00000007aa580000,0x00000007bc980000)
 ParOldGen       total 1671168K, used 1190885K [0x0000000500000000, 0x0000000566000000, 0x00000006d5580000)
  object space 1671168K, 71% used [0x0000000500000000,0x0000000548af94c8,0x0000000566000000)
 Metaspace       used 44966K, capacity 45694K, committed 45952K, reserved 1089536K
  class space    used 4945K, capacity 5137K, committed 5248K, reserved 1048576K
Event: 42.376 GC heap after
Heap after GC invocations=35 (full 7):
 PSYoungGen      total 3491840K, used 169347K [0x00000006d5580000, 0x00000007bfe00000, 0x00000007c0000000)
  eden space 3192832K, 0% used [0x00000006d5580000,0x00000006d5580000,0x0000000798380000)
  from space 299008K, 56% used [0x00000007aa580000,0x00000007b4ae0e10,0x00000007bc980000)
  to   space 296960K, 0% used [0x0000000798380000,0x0000000798380000,0x00000007aa580000)
 ParOldGen       total 1671168K, used 1351844K [0x0000000500000000, 0x0000000566000000, 0x00000006d5580000)
  object space 1671168K, 80% used [0x0000000500000000,0x0000000552829208,0x0000000566000000)
 Metaspace       used 44966K, capacity 45694K, committed 45952K, reserved 1089536K
  class space    used 4945K, capacity 5137K, committed 5248K, reserved 1048576K
}
Event: 42.787 GC heap before
{Heap before GC invocations=36 (full 7):
 PSYoungGen      total 3491840K, used 3362179K [0x00000006d5580000, 0x00000007bfe00000, 0x00000007c0000000)
  eden space 3192832K, 100% used [0x00000006d5580000,0x0000000798380000,0x0000000798380000)
  from space 299008K, 56% used [0x00000007aa580000,0x00000007b4ae0e10,0x00000007bc980000)
  to   space 296960K, 0% used [0x0000000798380000,0x0000000798380000,0x00000007aa580000)
 ParOldGen       total 1671168K, used 1351844K [0x0000000500000000, 0x0000000566000000, 0x00000006d5580000)
  object space 1671168K, 80% used [0x0000000500000000,0x0000000552829208,0x0000000566000000)
 Metaspace       used 44968K, capacity 45694K, committed 45952K, reserved 1089536K
  class space    used 4945K, capacity 5137K, committed 5248K, reserved 1048576K
Event: 42.835 GC heap after
Heap after GC invocations=36 (full 7):
 PSYoungGen      total 3489792K, used 194845K [0x00000006d5580000, 0x00000007c0000000, 0x00000007c0000000)
  eden space 3192832K, 0% used [0x00000006d5580000,0x00000006d5580000,0x0000000798380000)
  from space 296960K, 65% used [0x0000000798380000,0x00000007a41c74f0,0x00000007aa580000)
  to   space 303616K, 0% used [0x00000007ad780000,0x00000007ad780000,0x00000007c0000000)
 ParOldGen       total 1671168K, used 1475005K [0x0000000500000000, 0x0000000566000000, 0x00000006d5580000)
  object space 1671168K, 88% used [0x0000000500000000,0x000000055a06f7a8,0x0000000566000000)
 Metaspace       used 44968K, capacity 45694K, committed 45952K, reserved 1089536K
  class space    used 4945K, capacity 5137K, committed 5248K, reserved 1048576K
}
Event: 42.835 GC heap before
{Heap before GC invocations=37 (full 8):
 PSYoungGen      total 3489792K, used 194845K [0x00000006d5580000, 0x00000007c0000000, 0x00000007c0000000)
  eden space 3192832K, 0% used [0x00000006d5580000,0x00000006d5580000,0x0000000798380000)
  from space 296960K, 65% used [0x0000000798380000,0x00000007a41c74f0,0x00000007aa580000)
  to   space 303616K, 0% used [0x00000007ad780000,0x00000007ad780000,0x00000007c0000000)
 ParOldGen       total 1671168K, used 1475005K [0x0000000500000000, 0x0000000566000000, 0x00000006d5580000)
  object space 1671168K, 88% used [0x0000000500000000,0x000000055a06f7a8,0x0000000566000000)
 Metaspace       used 44968K, capacity 45694K, committed 45952K, reserved 1089536K
  class space    used 4945K, capacity 5137K, committed 5248K, reserved 1048576K
Event: 42.927 GC heap after
Heap after GC invocations=37 (full 8):
 PSYoungGen      total 3489792K, used 0K [0x00000006d5580000, 0x00000007c0000000, 0x00000007c0000000)
  eden space 3192832K, 0% used [0x00000006d5580000,0x00000006d5580000,0x0000000798380000)
  from space 296960K, 0% used [0x0000000798380000,0x0000000798380000,0x00000007aa580000)
  to   space 303616K, 0% used [0x00000007ad780000,0x00000007ad780000,0x00000007c0000000)
 ParOldGen       total 1612288K, used 1077704K [0x0000000500000000, 0x0000000562680000, 0x00000006d5580000)
  object space 1612288K, 66% used [0x0000000500000000,0x0000000541c721d8,0x0000000562680000)
 Metaspace       used 44968K, capacity 45694K, committed 45952K, reserved 1089536K
  class space    used 4945K, capacity 5137K, committed 5248K, reserved 1048576K
}

Deoptimization events (10 events):
Event: 36.482 Thread 0x0000000033410800 Uncommon trap: reason=unstable_if action=reinterpret pc=0x000000000265cdc4 method=org.esa.snap.raster.gpf.LinearTodBOp.computeTile(Lorg/esa/snap/core/datamodel/Band;Lorg/esa/snap/core/gpf/Tile;Lcom/bc/ceres/core/ProgressMonitor;)V @ 379
Event: 36.585 Thread 0x0000000033412000 Uncommon trap: reason=unstable_if action=reinterpret pc=0x000000000265cdc4 method=org.esa.snap.raster.gpf.LinearTodBOp.computeTile(Lorg/esa/snap/core/datamodel/Band;Lorg/esa/snap/core/gpf/Tile;Lcom/bc/ceres/core/ProgressMonitor;)V @ 379
Event: 36.893 Thread 0x0000000033411000 Uncommon trap: reason=unstable_if action=reinterpret pc=0x000000000288c0c4 method=org.esa.snap.core.dataop.dem.BaseElevationModel.getSamples([I[I[[D)Z @ 171
Event: 36.897 Thread 0x0000000033411000 Uncommon trap: reason=unstable_if action=reinterpret pc=0x0000000002a33a4c method=org.esa.snap.core.dataop.resamp.BilinearInterpolationResampling.resample(Lorg/esa/snap/core/dataop/resamp/Resampling$Raster;Lorg/esa/snap/core/dataop/resamp/Resampling$Index
Event: 36.897 Thread 0x0000000033411000 Uncommon trap: reason=unstable_if action=reinterpret pc=0x00000000025403d8 method=org.esa.snap.dem.dataio.DEMFactory.getLocalDEM(Lorg/esa/snap/core/dataop/dem/ElevationModel;DLjava/lang/String;Lorg/esa/snap/engine_utilities/gpf/TileGeoreferencing;IIIILorg
Event: 36.898 Thread 0x0000000033411000 Uncommon trap: reason=unstable_if action=reinterpret pc=0x0000000002594afc method=org.esa.snap.dem.dataio.DEMFactory.getLocalDEM(Lorg/esa/snap/core/dataop/dem/ElevationModel;DLjava/lang/String;Lorg/esa/snap/engine_utilities/gpf/TileGeoreferencing;IIIILorg
Event: 37.016 Thread 0x0000000031773000 Uncommon trap: reason=unstable_if action=reinterpret pc=0x0000000003362f0c method=org.esa.s1tbx.sar.gpf.geometric.RangeDopplerGeocodingOp.getPixelValue(DDLorg/esa/s1tbx/sar/gpf/geometric/RangeDopplerGeocodingOp$TileData;[I)D @ 127
Event: 41.505 Thread 0x0000000033413800 Uncommon trap: reason=unstable_if action=reinterpret pc=0x0000000002cfd5fc method=java.math.BigInteger.equals(Ljava/lang/Object;)Z @ 2
Event: 43.555 Thread 0x0000000033412000 Uncommon trap: reason=unstable_if action=reinterpret pc=0x000000000320fedc method=com.sun.jna.Function.invoke([Ljava/lang/Object;Ljava/lang/Class;ZI)Ljava/lang/Object; @ 194
Event: 43.636 Thread 0x0000000031773000 Uncommon trap: reason=unstable_if action=reinterpret pc=0x0000000002c8efac method=javax.imageio.stream.ImageInputStreamImpl.checkClosed()V @ 4

Classes redefined (0 events):
No events

Internal exceptions (10 events):
Event: 13.065 Thread 0x000000002f80b800 Implicit null exception at 0x0000000002520717 to 0x0000000002520b79
Event: 13.075 Thread 0x000000002f80b800 Implicit null exception at 0x000000000320afa6 to 0x000000000320b005
Event: 13.081 Thread 0x000000002f80b800 Implicit null exception at 0x0000000002f98b69 to 0x0000000002f995fd
Event: 13.357 Thread 0x0000000033410800 Implicit null exception at 0x0000000002cf220f to 0x0000000002cf22d1
Event: 13.649 Thread 0x0000000033410800 Implicit null exception at 0x00000000024417c3 to 0x0000000002441ec1
Event: 14.072 Thread 0x0000000033410800 Implicit null exception at 0x000000000295a203 to 0x000000000295ab39
Event: 15.340 Thread 0x0000000031d11000 Implicit null exception at 0x00000000026724bc to 0x00000000026730d5
Event: 24.656 Thread 0x0000000031d10000 Implicit null exception at 0x000000000326b4d6 to 0x000000000326c15d
Event: 43.626 Thread 0x0000000033412000 Implicit null exception at 0x000000000321f2d2 to 0x000000000321f63c
Event: 43.626 Thread 0x0000000033412000 Exception <a 'java/lang/NullPointerException'> (0x000000075fcc6ff0) thrown at [C:\jenkins\workspace\zulu8-silver-build-win64\zulu-src\hotspot\src\share\vm\runtime\sharedRuntime.cpp, line 609]

Events (10 events):
Event: 43.636 Thread 0x0000000031773000 Uncommon trap: trap_request=0xffffff65 fr.pc=0x0000000002c8efac
Event: 43.636 Thread 0x0000000031773000 DEOPT PACKING pc=0x0000000002c8efac sp=0x000000004732c060
Event: 43.636 Thread 0x0000000031773000 DEOPT UNPACKING pc=0x000000000233567b sp=0x000000004732bf98 mode 2
Event: 43.638 Thread 0x000000002e268000 flushing nmethod 0x00000000030dded0
Event: 43.649 Executing VM operation: RevokeBias
Event: 43.649 Executing VM operation: RevokeBias done
Event: 43.657 Thread 0x0000000031d11000 Thread exited: 0x0000000031d11000
Event: 43.660 Thread 0x000000002c44c000 flushing nmethod 0x0000000002412c90
Event: 43.661 Thread 0x000000002e259800 Thread exited: 0x000000002e259800
Event: 43.661 Executing VM operation: Exit


Dynamic libraries:
0x00007ff7f63a0000 - 0x00007ff7f63f6000 	C:\Users\b307579\AppData\Local\Programs\snap\bin\gpt.exe
0x00007ffb42cb0000 - 0x00007ffb42ea7000 	C:\WINDOWS\SYSTEM32\ntdll.dll
0x00007ffb426b0000 - 0x00007ffb4276d000 	C:\WINDOWS\System32\f_pdlpjq.dll
0x00007ffb40690000 - 0x00007ffb40986000 	C:\WINDOWS\System32\b_exvdzrgk.dll
0x00007ffb42cb0000 - 0x00007ffb42ea7000 	C:\WINDOWS\SYSTEM32\ntdll.dll
0x00007ffb426b0000 - 0x00007ffb4276d000 	C:\WINDOWS\System32\f_pdlpjq.dll
0x00007ffb40690000 - 0x00007ffb40986000 	C:\WINDOWS\System32\b_exvdzrgk.dll
0x00007ffb42430000 - 0x00007ffb425ce000 	C:\WINDOWS\System32\USER32.dll
0x00007ffb40af0000 - 0x00007ffb40b12000 	C:\WINDOWS\System32\win32u.dll
0x00007ffb42680000 - 0x00007ffb426ac000 	C:\WINDOWS\System32\GDI32.dll
0x00007ffb40470000 - 0x00007ffb4058a000 	C:\WINDOWS\System32\gdi32full.dll
0x00007ffb40c70000 - 0x00007ffb40d0d000 	C:\WINDOWS\System32\msvcp_win.dll
0x00007ffb40590000 - 0x00007ffb40690000 	C:\WINDOWS\System32\ucrtbase.dll
0x00007ffb425d0000 - 0x00007ffb4267e000 	C:\WINDOWS\System32\ADVAPI32.dll
0x00007ffb41b30000 - 0x00007ffb41bce000 	C:\WINDOWS\System32\msvcrt.dll
0x00007ffb42170000 - 0x00007ffb4220c000 	C:\WINDOWS\System32\sechost.dll
0x00007ffb41590000 - 0x00007ffb416b6000 	C:\WINDOWS\System32\RPCRT4.dll
0x00007ffb41460000 - 0x00007ffb4158b000 	C:\WINDOWS\System32\ole32.dll
0x00007ffb41790000 - 0x00007ffb41ae4000 	C:\WINDOWS\System32\combase.dll
0x00007ffb41b00000 - 0x00007ffb41b30000 	C:\WINDOWS\System32\IMM32.DLL
0x00007ffb10110000 - 0x00007ffb1026d000 	C:\Program Files\Cisco\AMP\exprev\Protector64.dll
0x00007ffb40d10000 - 0x00007ffb41454000 	C:\WINDOWS\System32\SHELL32.dll
0x00007ffb416c0000 - 0x00007ffb4178d000 	C:\WINDOWS\System32\OLEAUT32.dll
0x00007ffb427d0000 - 0x00007ffb42825000 	C:\WINDOWS\System32\SHLWAPI.dll
0x00007ffb30230000 - 0x00007ffb3023a000 	C:\WINDOWS\SYSTEM32\VERSION.dll
0x00007ffb3f4d0000 - 0x00007ffb3f503000 	C:\WINDOWS\SYSTEM32\ntmarta.dll
0x00007ffb20b10000 - 0x00007ffb20daa000 	C:\WINDOWS\WinSxS\amd64_microsoft.windows.common-controls_6595b64144ccf1df_6.0.19041.3570_none_60bb2a3971f3e41a\comctl32.dll
0x00000000517f0000 - 0x00000000520ab000 	c:\users\b307579\appdata\local\programs\snap\jre\jre\bin\server\jvm.dll
0x00007ffb41c40000 - 0x00007ffb41c48000 	C:\WINDOWS\System32\PSAPI.DLL
0x00007ffb1e800000 - 0x00007ffb1e809000 	C:\WINDOWS\SYSTEM32\WSOCK32.dll
0x0000000002030000 - 0x000000000209b000 	C:\WINDOWS\System32\WS2_32.dll
0x00007ffb30db0000 - 0x00007ffb30dd7000 	C:\WINDOWS\SYSTEM32\WINMM.dll
0x0000000051710000 - 0x00000000517e2000 	C:\WINDOWS\SYSTEM32\MSVCR100.dll
0x00007ffb34fa0000 - 0x00007ffb34faf000 	c:\users\b307579\appdata\local\programs\snap\jre\jre\bin\verify.dll
0x00007ffb32a40000 - 0x00007ffb32a69000 	c:\users\b307579\appdata\local\programs\snap\jre\jre\bin\java.dll
0x00007ffb28ab0000 - 0x00007ffb28ac6000 	c:\users\b307579\appdata\local\programs\snap\jre\jre\bin\zip.dll
0x00007ffb3dc40000 - 0x00007ffb3e3db000 	C:\WINDOWS\SYSTEM32\windows.storage.dll
0x00007ffb3fcf0000 - 0x00007ffb3fd1d000 	C:\WINDOWS\SYSTEM32\Wldp.dll
0x000000002e920000 - 0x000000002e9cd000 	C:\WINDOWS\System32\SHCORE.dll
0x00007ffb402c0000 - 0x00007ffb402e5000 	C:\WINDOWS\SYSTEM32\profapi.dll
0x0000000180000000 - 0x0000000180032000 	C:\Users\b307579\AppData\Local\Programs\snap\.install4j\i4jinst.dll
0x00007ffb28970000 - 0x00007ffb2898a000 	C:\Users\b307579\AppData\Local\Programs\snap\jre\jre\bin\net.dll
0x00007ffb3fad0000 - 0x00007ffb3fb3a000 	C:\WINDOWS\system32\mswsock.dll
0x00007ffae95c0000 - 0x00007ffae95d1000 	C:\Users\b307579\AppData\Local\Programs\snap\jre\jre\bin\nio.dll
0x00007ffa55570000 - 0x00007ffa55708000 	C:\Users\b307579\AppData\Local\Programs\snap\jre\jre\bin\awt.dll
0x00007ffb39da0000 - 0x00007ffb39e30000 	C:\WINDOWS\SYSTEM32\apphelp.dll
0x00007ffa3f670000 - 0x00007ffa3f8bc000 	C:\Users\b307579\AppData\Local\Programs\snap\snap\modules\lib\amd64\jhdf5.dll
0x00007ffb3fd30000 - 0x00007ffb3fd48000 	C:\WINDOWS\SYSTEM32\CRYPTSP.dll
0x00007ffb3f390000 - 0x00007ffb3f3c4000 	C:\WINDOWS\system32\rsaenh.dll
0x00007ffb40390000 - 0x00007ffb403b7000 	C:\WINDOWS\System32\bcrypt.dll
0x00007ffb40240000 - 0x00007ffb4026e000 	C:\WINDOWS\SYSTEM32\USERENV.dll
0x0000000033c50000 - 0x0000000033cd2000 	C:\WINDOWS\System32\bcryptprimitives.dll
0x00007ffb3fc60000 - 0x00007ffb3fc6c000 	C:\WINDOWS\SYSTEM32\CRYPTBASE.dll
0x00007ffb3f790000 - 0x00007ffb3f7cb000 	C:\WINDOWS\SYSTEM32\IPHLPAPI.DLL
0x00007ffb41af0000 - 0x00007ffb41af8000 	C:\WINDOWS\System32\NSI.dll
0x00007ffb37920000 - 0x00007ffb37937000 	C:\WINDOWS\SYSTEM32\dhcpcsvc6.DLL
0x00007ffb378f0000 - 0x00007ffb3790d000 	C:\WINDOWS\SYSTEM32\dhcpcsvc.DLL
0x0000000036a60000 - 0x0000000036b2a000 	C:\WINDOWS\SYSTEM32\DNSAPI.dll
0x00007ffa52c10000 - 0x00007ffa52c51000 	C:\Users\b307579\AppData\Local\Temp\jna--48192289\jna2512089378362514826.dll
0x00007ffa3f5b0000 - 0x00007ffa3f66d000 	C:\Users\b307579\.snap\auxdata\netcdf_natives\9.0.6\amd64\netcdf.dll
0x00007ffa3f580000 - 0x00007ffa3f5a2000 	C:\Users\b307579\.snap\auxdata\netcdf_natives\9.0.6\amd64\hdf5_hl.dll
0x00007ffa3ea50000 - 0x00007ffa3ed2e000 	C:\Users\b307579\.snap\auxdata\netcdf_natives\9.0.6\amd64\hdf5.dll
0x00007ffb2a3f0000 - 0x00007ffb2a40b000 	C:\WINDOWS\SYSTEM32\VCRUNTIME140.dll
0x00007ffa53640000 - 0x00007ffa53659000 	C:\Users\b307579\.snap\auxdata\netcdf_natives\9.0.6\amd64\zlib1.dll
0x00007ffb3e680000 - 0x00007ffb3e864000 	C:\WINDOWS\SYSTEM32\dbghelp.dll

VM Arguments:
jvm_args: -Dexe4j.semaphoreName=Local\c:_users_b307579_appdata_local_programs_snap_bin_gpt.exe0 -Dexe4j.isInstall4j=true -Dexe4j.moduleName=C:\Users\b307579\AppData\Local\Programs\snap\bin\gpt.exe -Dexe4j.tempDir= -Dexe4j.unextractedPosition=0 -Djava.library.path=c:\users\b307579\appdata\local\programs\snap\jre\jre\bin;C:\progra~1\OpenJDK\OpenJDK11\bin;C:\Program Files\Eclipse Adoptium\jdk-8.0.372.7-hotspot\bin;C:\WINDOWS\system32;C:\WINDOWS;C:\WINDOWS\System32\Wbem;C:\WINDOWS\System32\WindowsPowerShell\v1.0\;C:\WINDOWS\System32\OpenSSH\;C:\Program Files\Git\cmd;C:\Program Files\Docker\Docker\resources\bin;C:\Users\b307579\AppData\Local\Programs\Python\Python311\Scripts\;C:\Users\b307579\AppData\Local\Programs\Python\Python311\;C:\Users\b307579\AppData\Local\Microsoft\WindowsApps;;C:\Users\b307579\AppData\Local\Programs\Microsoft VS Code\bin;C:\Users\b307579\AppData\Local\Programs\snap\bin -Dexe4j.consoleCodepage=cp850 -Dsnap.mainClass=org.esa.snap.core.gpf.main.GPT -Dsnap.home=C:\Users\b307579\AppData\Local\Programs\snap\bin\/.. -Djava.awt.headless=true -Dinstall4j.noLoggingFix=true -Dinstall4j.launcherId=781 -Dinstall4j.swt=false -Xmx11G 
java_command: C:\Users\b307579\AppData\Local\Programs\snap\bin\gpt.exe
java_class_path (initial): C:\Users\b307579\AppData\Local\Programs\snap\.install4j\i4jruntime.jar;C:\Users\b307579\AppData\Local\Programs\snap\bin\..\snap\modules\ext\org.esa.snap.snap-core\org-esa-snap\snap-runtime.jar
Launcher Type: generic

Environment Variables:
JAVA_HOME=C:\progra~1\OpenJDK\OpenJDK11\
PATH=c:\users\b307579\appdata\local\programs\snap\jre\jre\bin;C:\progra~1\OpenJDK\OpenJDK11\bin;C:\Program Files\Eclipse Adoptium\jdk-8.0.372.7-hotspot\bin;C:\WINDOWS\system32;C:\WINDOWS;C:\WINDOWS\System32\Wbem;C:\WINDOWS\System32\WindowsPowerShell\v1.0\;C:\WINDOWS\System32\OpenSSH\;C:\Program Files\Git\cmd;C:\Program Files\Docker\Docker\resources\bin;C:\Users\b307579\AppData\Local\Programs\Python\Python311\Scripts\;C:\Users\b307579\AppData\Local\Programs\Python\Python311\;C:\Users\b307579\AppData\Local\Microsoft\WindowsApps;;C:\Users\b307579\AppData\Local\Programs\Microsoft VS Code\bin;C:\Users\b307579\AppData\Local\Programs\snap\bin
USERNAME=B307579
OS=Windows_NT
PROCESSOR_IDENTIFIER=Intel64 Family 6 Model 140 Stepping 1, GenuineIntel



---------------  S Y S T E M  ---------------

OS: Windows 10.0 , 64 bit Build 19041 (10.0.19041.3570)
HyperV virtualization detected

CPU:total 8 (initial active 8) (4 cores per cpu, 2 threads per core) family 6 model 140 stepping 1, cmov, cx8, fxsr, mmx, sse, sse2, sse3, ssse3, sse4.1, sse4.2, popcnt, avx, avx2, aes, clmul, erms, 3dnowpref, lzcnt, ht, tsc, tscinvbit, bmi1, bmi2, adx

Memory: 4k page, physical 16489528k(1126792k free), swap 37461048k(12581212k free)

vm_info: OpenJDK 64-Bit Server VM (25.242-b20) for windows-amd64 JRE (Zulu 8.44.0.13-CA-win64) (1.8.0_242-b20), built on Feb 10 2020 07:22:18 by "tester" with MS VC++ 10.0 (VS2010)

time: Mon Nov 06 13:04:55 2023
timezone: Romance Standard Time
elapsed time: 44 seconds (0d 0h 0m 44s)

